<?xml version="1.0" encoding="UTF-8"?>
<!-- Generated by org.testng.reporters.JUnitReportReporter -->
<testsuite hostname="LTPC0K7AG1" failures="0" tests="1" name="com.UIFramwork.Hitachi.FSA.TestScript.Registration.RegistrationTest" time="30.325" errors="0" timestamp="08 Sep 2019 09:58:22 GMT" skipped="0">
  <testcase classname="com.UIFramwork.Hitachi.FSA.TestScript.Registration.RegistrationTest" name="doRegistration" time="30.325"/>
</testsuite> <!-- com.UIFramwork.Hitachi.FSA.TestScript.Registration.RegistrationTest -->
