<?xml version="1.0" encoding="UTF-8"?>
<!-- Generated by org.testng.reporters.JUnitReportReporter -->
<testsuite hostname="LTPC0K7AG1" failures="0" tests="1" name="com.UIFramwork.Hitachi.FSA.TestScript.TakeScreenShot" time="1.993" errors="0" timestamp="07 Sep 2019 08:17:14 GMT" skipped="0">
  <testcase classname="com.UIFramwork.Hitachi.FSA.TestScript.TakeScreenShot" name="TakeScreen" time="1.993"/>
</testsuite> <!-- com.UIFramwork.Hitachi.FSA.TestScript.TakeScreenShot -->
