<?xml version="1.0" encoding="UTF-8"?>
<!-- Generated by org.testng.reporters.JUnitReportReporter -->
<testsuite hostname="LTPC0K7AG1" failures="0" tests="1" name="com.UIFramework.B" time="0.000" errors="0" timestamp="05 Sep 2019 09:24:37 GMT" skipped="0">
  <testcase classname="com.UIFramework.B" name="Test1" time="0.000"/>
</testsuite> <!-- com.UIFramework.B -->
