<?xml version="1.0" encoding="UTF-8"?>
<!-- Generated by org.testng.reporters.JUnitReportReporter -->
<testsuite hostname="LTPC0K7AG1" failures="0" tests="4" name="com.UIFramwork.Hitachi.FSA.TestScript.Test2" time="0.298" errors="0" timestamp="25 Jul 2019 11:36:47 GMT" skipped="0">
  <testcase classname="com.UIFramwork.Hitachi.FSA.TestScript.Test2" name="testLogin1" time="0.058"/>
  <testcase classname="com.UIFramwork.Hitachi.FSA.TestScript.Test2" name="testLogin2" time="0.076"/>
  <testcase classname="com.UIFramwork.Hitachi.FSA.TestScript.Test2" name="testLogin" time="0.105"/>
  <testcase classname="com.UIFramwork.Hitachi.FSA.TestScript.Test2" name="testLogin3" time="0.059"/>
</testsuite> <!-- com.UIFramwork.Hitachi.FSA.TestScript.Test2 -->
