<?xml version="1.0" encoding="UTF-8"?>
<!-- Generated by org.testng.reporters.JUnitReportReporter -->
<testsuite hostname="LTPC0K7AG1" failures="0" tests="4" name="com.UIFramwork.Hitachi.FSA.TestScript.Test1" time="0.661" errors="0" timestamp="25 Jul 2019 11:36:47 GMT" skipped="0">
  <testcase classname="com.UIFramwork.Hitachi.FSA.TestScript.Test1" name="testLogin" time="0.079"/>
  <testcase classname="com.UIFramwork.Hitachi.FSA.TestScript.Test1" name="testLogin1" time="0.073"/>
  <testcase classname="com.UIFramwork.Hitachi.FSA.TestScript.Test1" name="testLogin3" time="0.139"/>
  <testcase classname="com.UIFramwork.Hitachi.FSA.TestScript.Test1" name="testLogin2" time="0.370"/>
</testsuite> <!-- com.UIFramwork.Hitachi.FSA.TestScript.Test1 -->
