<?xml version="1.0" encoding="UTF-8"?>
<!-- Generated by org.testng.reporters.JUnitReportReporter -->
<testsuite hostname="LTPC0K7AG1" failures="0" tests="1" name="com.UIFramwork.Hitachi.FSA.Helper.BrowserConfiguration.Config.PropertyReader" time="0.008" errors="0" timestamp="06 Sep 2019 09:30:40 GMT" skipped="0">
  <testcase classname="com.UIFramwork.Hitachi.FSA.Helper.BrowserConfiguration.Config.PropertyReader" name="getcall" time="0.008"/>
</testsuite> <!-- com.UIFramwork.Hitachi.FSA.Helper.BrowserConfiguration.Config.PropertyReader -->
